<?xml version="1.0" encoding="UTF-8"?>
<testsuite name="com.company.workforce.security.JwtTokenProviderTest" tests="2" skipped="0" failures="0" errors="0" timestamp="2026-03-21T11:56:16" hostname="yeonsuui-MacBookPro.local" time="0.145">
  <properties/>
  <testcase name="isValid returns false for tampered token()" classname="com.company.workforce.security.JwtTokenProviderTest" time="0.128"/>
  <testcase name="generates token and extracts email()" classname="com.company.workforce.security.JwtTokenProviderTest" time="0.017"/>
  <system-out><![CDATA[]]></system-out>
  <system-err><![CDATA[]]></system-err>
</testsuite>
